Loading model for task: inference
Loading model from: /home/chengyu/Ising-Decoding/models/Ising-Decoder-SurfaceCode-1-Fast.pt
Model loaded (912,772 parameters)
[Inference] Starting Stim evaluation (may take a bit). Shots per basis: 262,144 (sharded across 1 GPU(s)); latency timing subset: 10,000 single-shot decodes.
[LER Config] ONNX_WORKFLOW=torch-only | torch.compile=on | channels_last_3d=on | prefetcher=on | timing=on

[Phase Timing] Breakdown across 128 batches:
  Data generation:       2.063s
  Model forward:         2.690s
  Residual construction: 0.000s
  GPU→CPU transfer:      3.141s
  PyMatching baseline:   1.424s
  PyMatching predecoder: 0.412s
  Post-decode logic:     0.026s

[PyMatching Timing] Decoder Input Info:
  Detector array shape: (2048, 336) (batch_size, num_detectors)
  Total samples decoded: 262144
  Number of batches: 128 (across 1 GPU(s))

[PyMatching Timing] Syndrome Density:
  Baseline (no pre-decoder): 0.044389 (4.4389% non-zero)
  After pre-decoder:         0.001468 (0.1468% non-zero)
  Density reduction:         96.69%

[PyMatching Timing] Decode Time (ONLY matcher.decode_batch, excludes GPU→CPU transfer):
  n_rounds per sample: 7
  Total rounds decoded: 1,835,008
  Floor (zero density):      0.000 µs/round (fixed overhead)
  Baseline (no pre-decoder): 1424.20 ms total, 0.776 µs/round
  After pre-decoder:         412.00 ms total, 0.225 µs/round

[PyMatching Timing] Breakdown (time above floor = density-dependent MWPM work):
  Baseline above floor:      0.776 µs/round
  Pre-decoder above floor:   0.225 µs/round
  MWPM-only speedup:         3.46x (density-dependent portion)

  Total speedup:             3.4568x (71.07% faster)

[PyMatching Timing] Per-Batch Variability (µs/round):
  Pre-decoder:  min=0.194, max=0.419, std=0.021, range=0.225
[DEM Timing] build=0.01s decode=1.84s (basis=X, batches=128)
[LER Config] ONNX_WORKFLOW=torch-only | torch.compile=on | channels_last_3d=on | prefetcher=on | timing=on

[Phase Timing] Breakdown across 128 batches:
  Data generation:       2.029s
  Model forward:         0.164s
  Residual construction: 0.000s
  GPU→CPU transfer:      3.170s
  PyMatching baseline:   1.451s
  PyMatching predecoder: 0.405s
  Post-decode logic:     0.026s

[PyMatching Timing] Decoder Input Info:
  Detector array shape: (2048, 336) (batch_size, num_detectors)
  Total samples decoded: 262144
  Number of batches: 128 (across 1 GPU(s))

[PyMatching Timing] Syndrome Density:
  Baseline (no pre-decoder): 0.044426 (4.4426% non-zero)
  After pre-decoder:         0.001495 (0.1495% non-zero)
  Density reduction:         96.63%

[PyMatching Timing] Decode Time (ONLY matcher.decode_batch, excludes GPU→CPU transfer):
  n_rounds per sample: 7
  Total rounds decoded: 1,835,008
  Floor (zero density):      0.000 µs/round (fixed overhead)
  Baseline (no pre-decoder): 1450.87 ms total, 0.791 µs/round
  After pre-decoder:         404.98 ms total, 0.221 µs/round

[PyMatching Timing] Breakdown (time above floor = density-dependent MWPM work):
  Baseline above floor:      0.791 µs/round
  Pre-decoder above floor:   0.221 µs/round
  MWPM-only speedup:         3.58x (density-dependent portion)

  Total speedup:             3.5826x (72.09% faster)

[PyMatching Timing] Per-Batch Variability (µs/round):
  Pre-decoder:  min=0.193, max=0.247, std=0.010, range=0.054
[DEM Timing] build=0.02s decode=1.86s (basis=Z, batches=128)

[Inference] d=7, n_rounds=7, noise_model=25p
[Inference] Using explicit noise_model (25p): NoiseModel(prep=[X:0.0020, Z:0.0020], meas=[X:0.0020, Z:0.0020], idle_cnot=[X:0.0010, Y:0.0010, Z:0.0010], idle_spam=[X:0.0020, Y:0.0020, Z:0.0020], cnot_total=0.0030)
                                           No pre-decoder  After pre-decoder
  PyMatching latency - X basis (µs/round):          1.500              0.767
  PyMatching latency - Z basis (µs/round):          1.511              0.776
  PyMatching latency - Avg (µs/round):              1.506              0.771
  LER - X basis:                                 0.002800           0.002430
  LER - Z basis:                                 0.002899           0.002419
  LER - Avg:                                     0.002850           0.002424
  PyMatching speedup (Avg X/Z):                     1.952x
