Loading model for task: inference
Loading model from: /home/chengyu/Ising-Decoding/models/Ising-Decoder-SurfaceCode-1-Fast.pt
Model loaded (912,772 parameters)
[Inference] Starting Stim evaluation (may take a bit). Shots per basis: 262,144 (sharded across 1 GPU(s)); latency timing subset: 10,000 single-shot decodes.
[LER Config] ONNX_WORKFLOW=export+TRT | torch.compile=skipped(ONNX) | channels_last_3d=on | prefetcher=on | timing=on
[LER] ONNX export failed: Module onnx is not installed!; falling back to PyTorch.

[Phase Timing] Breakdown across 128 batches:
  Data generation:       0.723s
  Model forward:         0.169s
  Residual construction: 0.000s
  GPU→CPU transfer:      3.457s
  PyMatching baseline:   1.427s
  PyMatching predecoder: 0.425s
  Post-decode logic:     0.025s

[PyMatching Timing] Decoder Input Info:
  Detector array shape: (2048, 336) (batch_size, num_detectors)
  Total samples decoded: 262144
  Number of batches: 128 (across 1 GPU(s))

[PyMatching Timing] Syndrome Density:
  Baseline (no pre-decoder): 0.009333 (0.9333% non-zero)
  After pre-decoder:         0.001465 (0.1465% non-zero)
  Density reduction:         84.30%

[PyMatching Timing] Decode Time (ONLY matcher.decode_batch, excludes GPU→CPU transfer):
  n_rounds per sample: 7
  Total rounds decoded: 1,835,008
  Floor (zero density):      0.000 µs/round (fixed overhead)
  Baseline (no pre-decoder): 1427.07 ms total, 0.778 µs/round
  After pre-decoder:         425.15 ms total, 0.232 µs/round

[PyMatching Timing] Breakdown (time above floor = density-dependent MWPM work):
  Baseline above floor:      0.778 µs/round
  Pre-decoder above floor:   0.232 µs/round
  MWPM-only speedup:         3.36x (density-dependent portion)

  Total speedup:             3.3566x (70.21% faster)

[PyMatching Timing] Per-Batch Variability (µs/round):
  Pre-decoder:  min=0.197, max=0.326, std=0.024, range=0.128
[DEM Timing] build=0.01s decode=1.85s (basis=X, batches=128)
[LER Config] ONNX_WORKFLOW=export+TRT | torch.compile=skipped(ONNX) | channels_last_3d=on | prefetcher=on | timing=on
[LER] ONNX export failed: Module onnx is not installed!; falling back to PyTorch.

[Phase Timing] Breakdown across 128 batches:
  Data generation:       0.669s
  Model forward:         0.162s
  Residual construction: 0.000s
  GPU→CPU transfer:      3.462s
  PyMatching baseline:   1.446s
  PyMatching predecoder: 0.414s
  Post-decode logic:     0.024s

[PyMatching Timing] Decoder Input Info:
  Detector array shape: (2048, 336) (batch_size, num_detectors)
  Total samples decoded: 262144
  Number of batches: 128 (across 1 GPU(s))

[PyMatching Timing] Syndrome Density:
  Baseline (no pre-decoder): 0.011685 (1.1685% non-zero)
  After pre-decoder:         0.001500 (0.1500% non-zero)
  Density reduction:         87.16%

[PyMatching Timing] Decode Time (ONLY matcher.decode_batch, excludes GPU→CPU transfer):
  n_rounds per sample: 7
  Total rounds decoded: 1,835,008
  Floor (zero density):      0.000 µs/round (fixed overhead)
  Baseline (no pre-decoder): 1445.85 ms total, 0.788 µs/round
  After pre-decoder:         414.37 ms total, 0.226 µs/round

[PyMatching Timing] Breakdown (time above floor = density-dependent MWPM work):
  Baseline above floor:      0.788 µs/round
  Pre-decoder above floor:   0.226 µs/round
  MWPM-only speedup:         3.49x (density-dependent portion)

  Total speedup:             3.4893x (71.34% faster)

[PyMatching Timing] Per-Batch Variability (µs/round):
  Pre-decoder:  min=0.197, max=0.327, std=0.023, range=0.130
[DEM Timing] build=0.02s decode=1.86s (basis=Z, batches=128)

[Inference] d=7, n_rounds=7, noise_model=25p
[Inference] Using explicit noise_model (25p): NoiseModel(prep=[X:0.0020, Z:0.0020], meas=[X:0.0020, Z:0.0020], idle_cnot=[X:0.0010, Y:0.0010, Z:0.0010], idle_spam=[X:0.0020, Y:0.0020, Z:0.0020], cnot_total=0.0030)
                                           No pre-decoder  After pre-decoder
  PyMatching latency - X basis (µs/round):          1.518              0.787
  PyMatching latency - Z basis (µs/round):          1.533              0.777
  PyMatching latency - Avg (µs/round):              1.526              0.782
  LER - X basis:                                 0.002754           0.002239
  LER - Z basis:                                 0.002853           0.002312
  LER - Avg:                                     0.002804           0.002275
  PyMatching speedup (Avg X/Z):                     1.951x
