Loading model for task: inference
Loading model from: /home/chengyu/Ising-Decoding/models/Ising-Decoder-SurfaceCode-1-Accurate.pt
Model loaded (1,797,764 parameters)
[Inference] Starting Stim evaluation (may take a bit). Shots per basis: 262,144 (sharded across 1 GPU(s)); latency timing subset: 10,000 single-shot decodes.
[LER Config] ONNX_WORKFLOW=torch-only | torch.compile=off(env) | channels_last_3d=on | prefetcher=on | timing=on

[Phase Timing] Breakdown across 128 batches:
  Data generation:       0.692s
  Model forward:         0.479s
  Residual construction: 0.000s
  GPU→CPU transfer:      5.870s
  PyMatching baseline:   1.418s
  PyMatching predecoder: 0.351s
  Post-decode logic:     0.024s

[PyMatching Timing] Decoder Input Info:
  Detector array shape: (2048, 336) (batch_size, num_detectors)
  Total samples decoded: 262144
  Number of batches: 128 (across 1 GPU(s))

[PyMatching Timing] Syndrome Density:
  Baseline (no pre-decoder): 0.011675 (1.1675% non-zero)
  After pre-decoder:         0.001188 (0.1188% non-zero)
  Density reduction:         89.82%

[PyMatching Timing] Decode Time (ONLY matcher.decode_batch, excludes GPU→CPU transfer):
  n_rounds per sample: 7
  Total rounds decoded: 1,835,008
  Floor (zero density):      0.000 µs/round (fixed overhead)
  Baseline (no pre-decoder): 1418.00 ms total, 0.773 µs/round
  After pre-decoder:         351.13 ms total, 0.191 µs/round

[PyMatching Timing] Breakdown (time above floor = density-dependent MWPM work):
  Baseline above floor:      0.773 µs/round
  Pre-decoder above floor:   0.191 µs/round
  MWPM-only speedup:         4.04x (density-dependent portion)

  Total speedup:             4.0384x (75.24% faster)

[PyMatching Timing] Per-Batch Variability (µs/round):
  Pre-decoder:  min=0.167, max=0.277, std=0.017, range=0.110
[DEM Timing] build=0.01s decode=1.77s (basis=X, batches=128)
[LER Config] ONNX_WORKFLOW=torch-only | torch.compile=off(env) | channels_last_3d=on | prefetcher=on | timing=on

[Phase Timing] Breakdown across 128 batches:
  Data generation:       0.668s
  Model forward:         0.170s
  Residual construction: 0.000s
  GPU→CPU transfer:      5.924s
  PyMatching baseline:   1.439s
  PyMatching predecoder: 0.342s
  Post-decode logic:     0.027s

[PyMatching Timing] Decoder Input Info:
  Detector array shape: (2048, 336) (batch_size, num_detectors)
  Total samples decoded: 262144
  Number of batches: 128 (across 1 GPU(s))

[PyMatching Timing] Syndrome Density:
  Baseline (no pre-decoder): 0.011710 (1.1710% non-zero)
  After pre-decoder:         0.001204 (0.1204% non-zero)
  Density reduction:         89.72%

[PyMatching Timing] Decode Time (ONLY matcher.decode_batch, excludes GPU→CPU transfer):
  n_rounds per sample: 7
  Total rounds decoded: 1,835,008
  Floor (zero density):      0.000 µs/round (fixed overhead)
  Baseline (no pre-decoder): 1439.36 ms total, 0.784 µs/round
  After pre-decoder:         342.05 ms total, 0.186 µs/round

[PyMatching Timing] Breakdown (time above floor = density-dependent MWPM work):
  Baseline above floor:      0.784 µs/round
  Pre-decoder above floor:   0.186 µs/round
  MWPM-only speedup:         4.21x (density-dependent portion)

  Total speedup:             4.2080x (76.24% faster)

[PyMatching Timing] Per-Batch Variability (µs/round):
  Pre-decoder:  min=0.162, max=0.288, std=0.015, range=0.126
[DEM Timing] build=0.02s decode=1.78s (basis=Z, batches=128)

[Inference] d=7, n_rounds=7, noise_model=25p
[Inference] Using explicit noise_model (25p): NoiseModel(prep=[X:0.0020, Z:0.0020], meas=[X:0.0020, Z:0.0020], idle_cnot=[X:0.0010, Y:0.0010, Z:0.0010], idle_spam=[X:0.0020, Y:0.0020, Z:0.0020], cnot_total=0.0030)
                                           No pre-decoder  After pre-decoder
  PyMatching latency - X basis (µs/round):          1.522              0.742
  PyMatching latency - Z basis (µs/round):          1.517              0.750
  PyMatching latency - Avg (µs/round):              1.520              0.746
  LER - X basis:                                 0.002792           0.001423
  LER - Z basis:                                 0.002666           0.001400
  LER - Avg:                                     0.002729           0.001411
  PyMatching speedup (Avg X/Z):                     2.036x
