Loading model for task: inference
Loading model from: /home/chengyu/Ising-Decoding/models/Ising-Decoder-SurfaceCode-1-Accurate.pt
Model loaded (1,797,764 parameters)
[Inference] Starting Stim evaluation (may take a bit). Shots per basis: 262,144 (sharded across 1 GPU(s)); latency timing subset: 10,000 single-shot decodes.
[LER Config] ONNX_WORKFLOW=export+TRT | torch.compile=skipped(ONNX) | channels_last_3d=on | prefetcher=on | timing=on
[LER] ONNX export failed: Module onnx is not installed!; falling back to PyTorch.

[Phase Timing] Breakdown across 128 batches:
  Data generation:       0.660s
  Model forward:         0.173s
  Residual construction: 0.000s
  GPU→CPU transfer:      5.920s
  PyMatching baseline:   1.423s
  PyMatching predecoder: 0.347s
  Post-decode logic:     0.024s

[PyMatching Timing] Decoder Input Info:
  Detector array shape: (2048, 336) (batch_size, num_detectors)
  Total samples decoded: 262144
  Number of batches: 128 (across 1 GPU(s))

[PyMatching Timing] Syndrome Density:
  Baseline (no pre-decoder): 0.009284 (0.9284% non-zero)
  After pre-decoder:         0.001183 (0.1183% non-zero)
  Density reduction:         87.25%

[PyMatching Timing] Decode Time (ONLY matcher.decode_batch, excludes GPU→CPU transfer):
  n_rounds per sample: 7
  Total rounds decoded: 1,835,008
  Floor (zero density):      0.000 µs/round (fixed overhead)
  Baseline (no pre-decoder): 1422.81 ms total, 0.775 µs/round
  After pre-decoder:         347.24 ms total, 0.189 µs/round

[PyMatching Timing] Breakdown (time above floor = density-dependent MWPM work):
  Baseline above floor:      0.775 µs/round
  Pre-decoder above floor:   0.189 µs/round
  MWPM-only speedup:         4.10x (density-dependent portion)

  Total speedup:             4.0975x (75.59% faster)

[PyMatching Timing] Per-Batch Variability (µs/round):
  Pre-decoder:  min=0.164, max=0.290, std=0.015, range=0.126
[DEM Timing] build=0.01s decode=1.77s (basis=X, batches=128)
[LER Config] ONNX_WORKFLOW=export+TRT | torch.compile=skipped(ONNX) | channels_last_3d=on | prefetcher=on | timing=on
[LER] ONNX export failed: Module onnx is not installed!; falling back to PyTorch.

[Phase Timing] Breakdown across 128 batches:
  Data generation:       0.666s
  Model forward:         0.162s
  Residual construction: 0.000s
  GPU→CPU transfer:      5.929s
  PyMatching baseline:   1.439s
  PyMatching predecoder: 0.342s
  Post-decode logic:     0.025s

[PyMatching Timing] Decoder Input Info:
  Detector array shape: (2048, 336) (batch_size, num_detectors)
  Total samples decoded: 262144
  Number of batches: 128 (across 1 GPU(s))

[PyMatching Timing] Syndrome Density:
  Baseline (no pre-decoder): 0.011716 (1.1716% non-zero)
  After pre-decoder:         0.001206 (0.1206% non-zero)
  Density reduction:         89.70%

[PyMatching Timing] Decode Time (ONLY matcher.decode_batch, excludes GPU→CPU transfer):
  n_rounds per sample: 7
  Total rounds decoded: 1,835,008
  Floor (zero density):      0.000 µs/round (fixed overhead)
  Baseline (no pre-decoder): 1438.58 ms total, 0.784 µs/round
  After pre-decoder:         342.16 ms total, 0.186 µs/round

[PyMatching Timing] Breakdown (time above floor = density-dependent MWPM work):
  Baseline above floor:      0.784 µs/round
  Pre-decoder above floor:   0.186 µs/round
  MWPM-only speedup:         4.20x (density-dependent portion)

  Total speedup:             4.2044x (76.22% faster)

[PyMatching Timing] Per-Batch Variability (µs/round):
  Pre-decoder:  min=0.168, max=0.273, std=0.012, range=0.105
[DEM Timing] build=0.02s decode=1.78s (basis=Z, batches=128)

[Inference] d=7, n_rounds=7, noise_model=25p
[Inference] Using explicit noise_model (25p): NoiseModel(prep=[X:0.0020, Z:0.0020], meas=[X:0.0020, Z:0.0020], idle_cnot=[X:0.0010, Y:0.0010, Z:0.0010], idle_spam=[X:0.0020, Y:0.0020, Z:0.0020], cnot_total=0.0030)
                                           No pre-decoder  After pre-decoder
  PyMatching latency - X basis (µs/round):          1.530              0.750
  PyMatching latency - Z basis (µs/round):          1.505              0.725
  PyMatching latency - Avg (µs/round):              1.518              0.738
  LER - X basis:                                 0.002731           0.001366
  LER - Z basis:                                 0.002796           0.001400
  LER - Avg:                                     0.002764           0.001383
  PyMatching speedup (Avg X/Z):                     2.058x
