Loading model for task: inference
Loading model from: /home/chengyu/Ising-Decoding/models/Ising-Decoder-SurfaceCode-1-Fast.pt
Model loaded (912,772 parameters)
[Inference] Starting Stim evaluation (may take a bit). Shots per basis: 262,144 (sharded across 1 GPU(s)); latency timing subset: 10,000 single-shot decodes.
[LER Config] ONNX_WORKFLOW=torch-only | torch.compile=on | channels_last_3d=on | prefetcher=on | timing=on

[Phase Timing] Breakdown across 128 batches:
  Data generation:       8.126s
  Model forward:         5.341s
  Residual construction: 0.000s
  GPU→CPU transfer:      20.635s
  PyMatching baseline:   11.514s
  PyMatching predecoder: 5.954s
  Post-decode logic:     0.029s

[PyMatching Timing] Decoder Input Info:
  Detector array shape: (2048, 2184) (batch_size, num_detectors)
  Total samples decoded: 262144
  Number of batches: 128 (across 1 GPU(s))

[PyMatching Timing] Syndrome Density:
  Baseline (no pre-decoder): 0.049478 (4.9478% non-zero)
  After pre-decoder:         0.001214 (0.1214% non-zero)
  Density reduction:         97.55%

[PyMatching Timing] Decode Time (ONLY matcher.decode_batch, excludes GPU→CPU transfer):
  n_rounds per sample: 13
  Total rounds decoded: 3,407,872
  Floor (zero density):      0.000 µs/round (fixed overhead)
  Baseline (no pre-decoder): 11513.58 ms total, 3.379 µs/round
  After pre-decoder:         5953.51 ms total, 1.747 µs/round

[PyMatching Timing] Breakdown (time above floor = density-dependent MWPM work):
  Baseline above floor:      3.379 µs/round
  Pre-decoder above floor:   1.747 µs/round
  MWPM-only speedup:         1.93x (density-dependent portion)

  Total speedup:             1.9339x (48.29% faster)

[PyMatching Timing] Per-Batch Variability (µs/round):
  Pre-decoder:  min=1.612, max=1.927, std=0.054, range=0.316
[DEM Timing] build=0.06s decode=17.47s (basis=X, batches=128)
[LER Config] ONNX_WORKFLOW=torch-only | torch.compile=on | channels_last_3d=on | prefetcher=on | timing=on

[Phase Timing] Breakdown across 128 batches:
  Data generation:       8.764s
  Model forward:         0.177s
  Residual construction: 0.000s
  GPU→CPU transfer:      20.804s
  PyMatching baseline:   11.501s
  PyMatching predecoder: 5.909s
  Post-decode logic:     0.026s

[PyMatching Timing] Decoder Input Info:
  Detector array shape: (2048, 2184) (batch_size, num_detectors)
  Total samples decoded: 262144
  Number of batches: 128 (across 1 GPU(s))

[PyMatching Timing] Syndrome Density:
  Baseline (no pre-decoder): 0.049479 (4.9479% non-zero)
  After pre-decoder:         0.001229 (0.1229% non-zero)
  Density reduction:         97.52%

[PyMatching Timing] Decode Time (ONLY matcher.decode_batch, excludes GPU→CPU transfer):
  n_rounds per sample: 13
  Total rounds decoded: 3,407,872
  Floor (zero density):      0.000 µs/round (fixed overhead)
  Baseline (no pre-decoder): 11500.88 ms total, 3.375 µs/round
  After pre-decoder:         5908.72 ms total, 1.734 µs/round

[PyMatching Timing] Breakdown (time above floor = density-dependent MWPM work):
  Baseline above floor:      3.375 µs/round
  Pre-decoder above floor:   1.734 µs/round
  MWPM-only speedup:         1.95x (density-dependent portion)

  Total speedup:             1.9464x (48.62% faster)

[PyMatching Timing] Per-Batch Variability (µs/round):
  Pre-decoder:  min=1.607, max=1.910, std=0.046, range=0.304
[DEM Timing] build=0.07s decode=17.41s (basis=Z, batches=128)

[Inference] d=13, n_rounds=13, noise_model=25p
[Inference] Using explicit noise_model (25p): NoiseModel(prep=[X:0.0020, Z:0.0020], meas=[X:0.0020, Z:0.0020], idle_cnot=[X:0.0010, Y:0.0010, Z:0.0010], idle_spam=[X:0.0020, Y:0.0020, Z:0.0020], cnot_total=0.0030)
                                           No pre-decoder  After pre-decoder
  PyMatching latency - X basis (µs/round):          4.239              2.330
  PyMatching latency - Z basis (µs/round):          4.224              2.315
  PyMatching latency - Avg (µs/round):              4.231              2.322
  LER - X basis:                                 0.000233           0.000305
  LER - Z basis:                                 0.000153           0.000240
  LER - Avg:                                     0.000193           0.000273
  PyMatching speedup (Avg X/Z):                     1.822x
