Loading model for task: inference
Loading model from: /home/chengyu/Ising-Decoding/models/Ising-Decoder-SurfaceCode-1-Fast.pt
Model loaded (912,772 parameters)
[Inference] Starting Stim evaluation (may take a bit). Shots per basis: 262,144 (sharded across 1 GPU(s)); latency timing subset: 10,000 single-shot decodes.
[LER Config] ONNX_WORKFLOW=export+TRT | torch.compile=skipped(ONNX) | channels_last_3d=on | prefetcher=on | timing=on
[LER] ONNX export failed: Module onnx is not installed!; falling back to PyTorch.

[Phase Timing] Breakdown across 128 batches:
  Data generation:       0.642s
  Model forward:         0.153s
  Residual construction: 0.000s
  GPU→CPU transfer:      3.466s
  PyMatching baseline:   1.423s
  PyMatching predecoder: 0.399s
  Post-decode logic:     0.024s

[PyMatching Timing] Decoder Input Info:
  Detector array shape: (2048, 336) (batch_size, num_detectors)
  Total samples decoded: 262144
  Number of batches: 128 (across 1 GPU(s))

[PyMatching Timing] Syndrome Density:
  Baseline (no pre-decoder): 0.009318 (0.9318% non-zero)
  After pre-decoder:         0.001456 (0.1456% non-zero)
  Density reduction:         84.38%

[PyMatching Timing] Decode Time (ONLY matcher.decode_batch, excludes GPU→CPU transfer):
  n_rounds per sample: 7
  Total rounds decoded: 1,835,008
  Floor (zero density):      0.000 µs/round (fixed overhead)
  Baseline (no pre-decoder): 1423.27 ms total, 0.776 µs/round
  After pre-decoder:         399.38 ms total, 0.218 µs/round

[PyMatching Timing] Breakdown (time above floor = density-dependent MWPM work):
  Baseline above floor:      0.776 µs/round
  Pre-decoder above floor:   0.218 µs/round
  MWPM-only speedup:         3.56x (density-dependent portion)

  Total speedup:             3.5637x (71.94% faster)

[PyMatching Timing] Per-Batch Variability (µs/round):
  Pre-decoder:  min=0.201, max=0.248, std=0.009, range=0.047
[DEM Timing] build=0.02s decode=1.82s (basis=X, batches=128)
[LER Config] ONNX_WORKFLOW=export+TRT | torch.compile=skipped(ONNX) | channels_last_3d=on | prefetcher=on | timing=on
[LER] ONNX export failed: Module onnx is not installed!; falling back to PyTorch.

[Phase Timing] Breakdown across 128 batches:
  Data generation:       0.650s
  Model forward:         0.152s
  Residual construction: 0.000s
  GPU→CPU transfer:      3.464s
  PyMatching baseline:   1.442s
  PyMatching predecoder: 0.400s
  Post-decode logic:     0.023s

[PyMatching Timing] Decoder Input Info:
  Detector array shape: (2048, 336) (batch_size, num_detectors)
  Total samples decoded: 262144
  Number of batches: 128 (across 1 GPU(s))

[PyMatching Timing] Syndrome Density:
  Baseline (no pre-decoder): 0.011736 (1.1736% non-zero)
  After pre-decoder:         0.001497 (0.1497% non-zero)
  Density reduction:         87.25%

[PyMatching Timing] Decode Time (ONLY matcher.decode_batch, excludes GPU→CPU transfer):
  n_rounds per sample: 7
  Total rounds decoded: 1,835,008
  Floor (zero density):      0.000 µs/round (fixed overhead)
  Baseline (no pre-decoder): 1441.95 ms total, 0.786 µs/round
  After pre-decoder:         399.75 ms total, 0.218 µs/round

[PyMatching Timing] Breakdown (time above floor = density-dependent MWPM work):
  Baseline above floor:      0.786 µs/round
  Pre-decoder above floor:   0.218 µs/round
  MWPM-only speedup:         3.61x (density-dependent portion)

  Total speedup:             3.6072x (72.28% faster)

[PyMatching Timing] Per-Batch Variability (µs/round):
  Pre-decoder:  min=0.193, max=0.254, std=0.010, range=0.061
[DEM Timing] build=0.02s decode=1.84s (basis=Z, batches=128)

[Inference] d=7, n_rounds=7, noise_model=25p
[Inference] Using explicit noise_model (25p): NoiseModel(prep=[X:0.0020, Z:0.0020], meas=[X:0.0020, Z:0.0020], idle_cnot=[X:0.0010, Y:0.0010, Z:0.0010], idle_spam=[X:0.0020, Y:0.0020, Z:0.0020], cnot_total=0.0030)
                                           No pre-decoder  After pre-decoder
  PyMatching latency - X basis (µs/round):          1.520              0.761
  PyMatching latency - Z basis (µs/round):          1.526              0.781
  PyMatching latency - Avg (µs/round):              1.523              0.771
  LER - X basis:                                 0.002708           0.002285
  LER - Z basis:                                 0.002850           0.002270
  LER - Avg:                                     0.002779           0.002277
  PyMatching speedup (Avg X/Z):                     1.975x
