Loading model for task: inference
Loading model from: /home/chengyu/Ising-Decoding/models/Ising-Decoder-SurfaceCode-1-Fast.pt
Model loaded (912,772 parameters)
[Inference] Starting Stim evaluation (may take a bit). Shots per basis: 262,144 (sharded across 1 GPU(s)); latency timing subset: 10,000 single-shot decodes.
[LER Config] ONNX_WORKFLOW=torch-only | torch.compile=on | channels_last_3d=on | prefetcher=on | timing=on

[Phase Timing] Breakdown across 128 batches:
  Data generation:       1.851s
  Model forward:         1.199s
  Residual construction: 0.000s
  GPU→CPU transfer:      1.125s
  PyMatching baseline:   0.412s
  PyMatching predecoder: 0.073s
  Post-decode logic:     0.022s

[PyMatching Timing] Decoder Input Info:
  Detector array shape: (2048, 120) (batch_size, num_detectors)
  Total samples decoded: 262144
  Number of batches: 128 (across 1 GPU(s))

[PyMatching Timing] Syndrome Density:
  Baseline (no pre-decoder): 0.040248 (4.0248% non-zero)
  After pre-decoder:         0.001653 (0.1653% non-zero)
  Density reduction:         95.89%

[PyMatching Timing] Decode Time (ONLY matcher.decode_batch, excludes GPU→CPU transfer):
  n_rounds per sample: 5
  Total rounds decoded: 1,310,720
  Floor (zero density):      0.000 µs/round (fixed overhead)
  Baseline (no pre-decoder): 411.67 ms total, 0.314 µs/round
  After pre-decoder:         72.74 ms total, 0.055 µs/round

[PyMatching Timing] Breakdown (time above floor = density-dependent MWPM work):
  Baseline above floor:      0.314 µs/round
  Pre-decoder above floor:   0.055 µs/round
  MWPM-only speedup:         5.66x (density-dependent portion)

  Total speedup:             5.6596x (82.33% faster)

[PyMatching Timing] Per-Batch Variability (µs/round):
  Pre-decoder:  min=0.049, max=0.064, std=0.003, range=0.015
[DEM Timing] build=0.01s decode=0.48s (basis=X, batches=128)
[LER Config] ONNX_WORKFLOW=torch-only | torch.compile=on | channels_last_3d=on | prefetcher=on | timing=on

[Phase Timing] Breakdown across 128 batches:
  Data generation:       1.743s
  Model forward:         0.159s
  Residual construction: 0.000s
  GPU→CPU transfer:      1.133s
  PyMatching baseline:   0.416s
  PyMatching predecoder: 0.073s
  Post-decode logic:     0.021s

[PyMatching Timing] Decoder Input Info:
  Detector array shape: (2048, 120) (batch_size, num_detectors)
  Total samples decoded: 262144
  Number of batches: 128 (across 1 GPU(s))

[PyMatching Timing] Syndrome Density:
  Baseline (no pre-decoder): 0.040306 (4.0306% non-zero)
  After pre-decoder:         0.001699 (0.1699% non-zero)
  Density reduction:         95.78%

[PyMatching Timing] Decode Time (ONLY matcher.decode_batch, excludes GPU→CPU transfer):
  n_rounds per sample: 5
  Total rounds decoded: 1,310,720
  Floor (zero density):      0.000 µs/round (fixed overhead)
  Baseline (no pre-decoder): 415.55 ms total, 0.317 µs/round
  After pre-decoder:         73.11 ms total, 0.056 µs/round

[PyMatching Timing] Breakdown (time above floor = density-dependent MWPM work):
  Baseline above floor:      0.317 µs/round
  Pre-decoder above floor:   0.056 µs/round
  MWPM-only speedup:         5.68x (density-dependent portion)

  Total speedup:             5.6838x (82.41% faster)

[PyMatching Timing] Per-Batch Variability (µs/round):
  Pre-decoder:  min=0.050, max=0.066, std=0.003, range=0.016
[DEM Timing] build=0.01s decode=0.49s (basis=Z, batches=128)

[Inference] d=5, n_rounds=5, noise_model=25p
[Inference] Using explicit noise_model (25p): NoiseModel(prep=[X:0.0020, Z:0.0020], meas=[X:0.0020, Z:0.0020], idle_cnot=[X:0.0010, Y:0.0010, Z:0.0010], idle_spam=[X:0.0020, Y:0.0020, Z:0.0020], cnot_total=0.0030)
                                           No pre-decoder  After pre-decoder
  PyMatching latency - X basis (µs/round):          1.184              0.779
  PyMatching latency - Z basis (µs/round):          1.180              0.768
  PyMatching latency - Avg (µs/round):              1.182              0.773
  LER - X basis:                                 0.005421           0.003857
  LER - Z basis:                                 0.005325           0.003796
  LER - Avg:                                     0.005373           0.003826
  PyMatching speedup (Avg X/Z):                     1.529x
