Loading model for task: inference
Loading model from: /home/chengyu/Ising-Decoding/models/Ising-Decoder-SurfaceCode-1-Fast.pt
Model loaded (912,772 parameters)
[Inference] Starting Stim evaluation (may take a bit). Shots per basis: 262,144 (sharded across 1 GPU(s)); latency timing subset: 10,000 single-shot decodes.
[LER Config] ONNX_WORKFLOW=export+TRT | torch.compile=skipped(ONNX) | channels_last_3d=on | prefetcher=on | timing=on
[LER] ONNX export failed: Module onnx is not installed!; falling back to PyTorch.

[Phase Timing] Breakdown across 128 batches:
  Data generation:       6.720s
  Model forward:         0.204s
  Residual construction: 0.000s
  GPU→CPU transfer:      51.143s
  PyMatching baseline:   27.815s
  PyMatching predecoder: 16.352s
  Post-decode logic:     0.035s

[PyMatching Timing] Decoder Input Info:
  Detector array shape: (2048, 4896) (batch_size, num_detectors)
  Total samples decoded: 262144
  Number of batches: 128 (across 1 GPU(s))

[PyMatching Timing] Syndrome Density:
  Baseline (no pre-decoder): 0.012997 (1.2997% non-zero)
  After pre-decoder:         0.001146 (0.1146% non-zero)
  Density reduction:         91.18%

[PyMatching Timing] Decode Time (ONLY matcher.decode_batch, excludes GPU→CPU transfer):
  n_rounds per sample: 17
  Total rounds decoded: 4,456,448
  Floor (zero density):      0.000 µs/round (fixed overhead)
  Baseline (no pre-decoder): 27815.12 ms total, 6.242 µs/round
  After pre-decoder:         16351.69 ms total, 3.669 µs/round

[PyMatching Timing] Breakdown (time above floor = density-dependent MWPM work):
  Baseline above floor:      6.242 µs/round
  Pre-decoder above floor:   3.669 µs/round
  MWPM-only speedup:         1.70x (density-dependent portion)

  Total speedup:             1.7011x (41.21% faster)

[PyMatching Timing] Per-Batch Variability (µs/round):
  Pre-decoder:  min=3.428, max=3.878, std=0.082, range=0.450
[DEM Timing] build=0.11s decode=44.17s (basis=X, batches=128)
[LER Config] ONNX_WORKFLOW=export+TRT | torch.compile=skipped(ONNX) | channels_last_3d=on | prefetcher=on | timing=on
[LER] ONNX export failed: Module onnx is not installed!; falling back to PyTorch.

[Phase Timing] Breakdown across 128 batches:
  Data generation:       6.691s
  Model forward:         0.208s
  Residual construction: 0.000s
  GPU→CPU transfer:      51.114s
  PyMatching baseline:   27.849s
  PyMatching predecoder: 16.215s
  Post-decode logic:     0.035s

[PyMatching Timing] Decoder Input Info:
  Detector array shape: (2048, 4896) (batch_size, num_detectors)
  Total samples decoded: 262144
  Number of batches: 128 (across 1 GPU(s))

[PyMatching Timing] Syndrome Density:
  Baseline (no pre-decoder): 0.012297 (1.2297% non-zero)
  After pre-decoder:         0.001150 (0.1150% non-zero)
  Density reduction:         90.65%

[PyMatching Timing] Decode Time (ONLY matcher.decode_batch, excludes GPU→CPU transfer):
  n_rounds per sample: 17
  Total rounds decoded: 4,456,448
  Floor (zero density):      0.000 µs/round (fixed overhead)
  Baseline (no pre-decoder): 27848.87 ms total, 6.249 µs/round
  After pre-decoder:         16215.16 ms total, 3.639 µs/round

[PyMatching Timing] Breakdown (time above floor = density-dependent MWPM work):
  Baseline above floor:      6.249 µs/round
  Pre-decoder above floor:   3.639 µs/round
  MWPM-only speedup:         1.72x (density-dependent portion)

  Total speedup:             1.7175x (41.77% faster)

[PyMatching Timing] Per-Batch Variability (µs/round):
  Pre-decoder:  min=3.427, max=3.854, std=0.079, range=0.427
[DEM Timing] build=0.12s decode=44.06s (basis=Z, batches=128)

[Inference] d=17, n_rounds=17, noise_model=25p
[Inference] Using explicit noise_model (25p): NoiseModel(prep=[X:0.0020, Z:0.0020], meas=[X:0.0020, Z:0.0020], idle_cnot=[X:0.0010, Y:0.0010, Z:0.0010], idle_spam=[X:0.0020, Y:0.0020, Z:0.0020], cnot_total=0.0030)
                                           No pre-decoder  After pre-decoder
  PyMatching latency - X basis (µs/round):          7.525              4.332
  PyMatching latency - Z basis (µs/round):          7.414              4.371
  PyMatching latency - Avg (µs/round):              7.469              4.351
  LER - X basis:                                 0.000015           0.000031
  LER - Z basis:                                 0.000023           0.000061
  LER - Avg:                                     0.000019           0.000046
  PyMatching speedup (Avg X/Z):                     1.717x
