Loading model for task: inference
Loading model from: /home/chengyu/Ising-Decoding/models/Ising-Decoder-SurfaceCode-1-Fast.pt
Model loaded (912,772 parameters)
[Inference] Starting Stim evaluation (may take a bit). Shots per basis: 262,144 (sharded across 1 GPU(s)); latency timing subset: 10,000 single-shot decodes.
[LER Config] ONNX_WORKFLOW=export+TRT | torch.compile=skipped(ONNX) | channels_last_3d=on | prefetcher=on | timing=on
[LER] ONNX export failed: Module onnx is not installed!; falling back to PyTorch.

[Phase Timing] Breakdown across 128 batches:
  Data generation:       1.212s
  Model forward:         0.156s
  Residual construction: 0.000s
  GPU→CPU transfer:      7.458s
  PyMatching baseline:   3.386s
  PyMatching predecoder: 1.302s
  Post-decode logic:     0.025s

[PyMatching Timing] Decoder Input Info:
  Detector array shape: (2048, 720) (batch_size, num_detectors)
  Total samples decoded: 262144
  Number of batches: 128 (across 1 GPU(s))

[PyMatching Timing] Syndrome Density:
  Baseline (no pre-decoder): 0.012175 (1.2175% non-zero)
  After pre-decoder:         0.001346 (0.1346% non-zero)
  Density reduction:         88.95%

[PyMatching Timing] Decode Time (ONLY matcher.decode_batch, excludes GPU→CPU transfer):
  n_rounds per sample: 9
  Total rounds decoded: 2,359,296
  Floor (zero density):      0.000 µs/round (fixed overhead)
  Baseline (no pre-decoder): 3386.39 ms total, 1.435 µs/round
  After pre-decoder:         1302.39 ms total, 0.552 µs/round

[PyMatching Timing] Breakdown (time above floor = density-dependent MWPM work):
  Baseline above floor:      1.435 µs/round
  Pre-decoder above floor:   0.552 µs/round
  MWPM-only speedup:         2.60x (density-dependent portion)

  Total speedup:             2.6001x (61.54% faster)

[PyMatching Timing] Per-Batch Variability (µs/round):
  Pre-decoder:  min=0.488, max=0.614, std=0.021, range=0.126
[DEM Timing] build=0.03s decode=4.69s (basis=X, batches=128)
[LER Config] ONNX_WORKFLOW=export+TRT | torch.compile=skipped(ONNX) | channels_last_3d=on | prefetcher=on | timing=on
[LER] ONNX export failed: Module onnx is not installed!; falling back to PyTorch.

[Phase Timing] Breakdown across 128 batches:
  Data generation:       1.188s
  Model forward:         0.158s
  Residual construction: 0.000s
  GPU→CPU transfer:      7.460s
  PyMatching baseline:   3.393s
  PyMatching predecoder: 1.292s
  Post-decode logic:     0.026s

[PyMatching Timing] Decoder Input Info:
  Detector array shape: (2048, 720) (batch_size, num_detectors)
  Total samples decoded: 262144
  Number of batches: 128 (across 1 GPU(s))

[PyMatching Timing] Syndrome Density:
  Baseline (no pre-decoder): 0.010502 (1.0502% non-zero)
  After pre-decoder:         0.001370 (0.1370% non-zero)
  Density reduction:         86.95%

[PyMatching Timing] Decode Time (ONLY matcher.decode_batch, excludes GPU→CPU transfer):
  n_rounds per sample: 9
  Total rounds decoded: 2,359,296
  Floor (zero density):      0.000 µs/round (fixed overhead)
  Baseline (no pre-decoder): 3392.77 ms total, 1.438 µs/round
  After pre-decoder:         1292.26 ms total, 0.548 µs/round

[PyMatching Timing] Breakdown (time above floor = density-dependent MWPM work):
  Baseline above floor:      1.438 µs/round
  Pre-decoder above floor:   0.548 µs/round
  MWPM-only speedup:         2.63x (density-dependent portion)

  Total speedup:             2.6254x (61.91% faster)

[PyMatching Timing] Per-Batch Variability (µs/round):
  Pre-decoder:  min=0.499, max=0.595, std=0.021, range=0.096
[DEM Timing] build=0.03s decode=4.69s (basis=Z, batches=128)

[Inference] d=9, n_rounds=9, noise_model=25p
[Inference] Using explicit noise_model (25p): NoiseModel(prep=[X:0.0020, Z:0.0020], meas=[X:0.0020, Z:0.0020], idle_cnot=[X:0.0010, Y:0.0010, Z:0.0010], idle_spam=[X:0.0020, Y:0.0020, Z:0.0020], cnot_total=0.0030)
                                           No pre-decoder  After pre-decoder
  PyMatching latency - X basis (µs/round):          2.144              1.055
  PyMatching latency - Z basis (µs/round):          2.164              1.084
  PyMatching latency - Avg (µs/round):              2.154              1.070
  LER - X basis:                                 0.001278           0.001148
  LER - Z basis:                                 0.001247           0.001213
  LER - Avg:                                     0.001263           0.001181
  PyMatching speedup (Avg X/Z):                     2.014x
