Loading model for task: inference
Loading model from: /home/chengyu/Ising-Decoding/models/Ising-Decoder-SurfaceCode-1-Fast.pt
Model loaded (912,772 parameters)
[Inference] Starting Stim evaluation (may take a bit). Shots per basis: 262,144 (sharded across 1 GPU(s)); latency timing subset: 10,000 single-shot decodes.
[LER Config] ONNX_WORKFLOW=export+TRT | torch.compile=skipped(ONNX) | channels_last_3d=on | prefetcher=on | timing=on
[LER] ONNX export failed: Module onnx is not installed!; falling back to PyTorch.

[Phase Timing] Breakdown across 128 batches:
  Data generation:       1.964s
  Model forward:         0.157s
  Residual construction: 0.000s
  GPU→CPU transfer:      13.684s
  PyMatching baseline:   6.659s
  PyMatching predecoder: 3.079s
  Post-decode logic:     0.026s

[PyMatching Timing] Decoder Input Info:
  Detector array shape: (2048, 1320) (batch_size, num_detectors)
  Total samples decoded: 262144
  Number of batches: 128 (across 1 GPU(s))

[PyMatching Timing] Syndrome Density:
  Baseline (no pre-decoder): 0.012489 (1.2489% non-zero)
  After pre-decoder:         0.001272 (0.1272% non-zero)
  Density reduction:         89.81%

[PyMatching Timing] Decode Time (ONLY matcher.decode_batch, excludes GPU→CPU transfer):
  n_rounds per sample: 11
  Total rounds decoded: 2,883,584
  Floor (zero density):      0.000 µs/round (fixed overhead)
  Baseline (no pre-decoder): 6658.60 ms total, 2.309 µs/round
  After pre-decoder:         3078.56 ms total, 1.068 µs/round

[PyMatching Timing] Breakdown (time above floor = density-dependent MWPM work):
  Baseline above floor:      2.309 µs/round
  Pre-decoder above floor:   1.068 µs/round
  MWPM-only speedup:         2.16x (density-dependent portion)

  Total speedup:             2.1629x (53.77% faster)

[PyMatching Timing] Per-Batch Variability (µs/round):
  Pre-decoder:  min=0.986, max=1.228, std=0.038, range=0.242
[DEM Timing] build=0.04s decode=9.74s (basis=X, batches=128)
[LER Config] ONNX_WORKFLOW=export+TRT | torch.compile=skipped(ONNX) | channels_last_3d=on | prefetcher=on | timing=on
[LER] ONNX export failed: Module onnx is not installed!; falling back to PyTorch.

[Phase Timing] Breakdown across 128 batches:
  Data generation:       1.975s
  Model forward:         0.160s
  Residual construction: 0.000s
  GPU→CPU transfer:      13.679s
  PyMatching baseline:   6.723s
  PyMatching predecoder: 3.020s
  Post-decode logic:     0.027s

[PyMatching Timing] Decoder Input Info:
  Detector array shape: (2048, 1320) (batch_size, num_detectors)
  Total samples decoded: 262144
  Number of batches: 128 (across 1 GPU(s))

[PyMatching Timing] Syndrome Density:
  Baseline (no pre-decoder): 0.011092 (1.1092% non-zero)
  After pre-decoder:         0.001284 (0.1284% non-zero)
  Density reduction:         88.42%

[PyMatching Timing] Decode Time (ONLY matcher.decode_batch, excludes GPU→CPU transfer):
  n_rounds per sample: 11
  Total rounds decoded: 2,883,584
  Floor (zero density):      0.000 µs/round (fixed overhead)
  Baseline (no pre-decoder): 6722.90 ms total, 2.331 µs/round
  After pre-decoder:         3020.30 ms total, 1.047 µs/round

[PyMatching Timing] Breakdown (time above floor = density-dependent MWPM work):
  Baseline above floor:      2.331 µs/round
  Pre-decoder above floor:   1.047 µs/round
  MWPM-only speedup:         2.23x (density-dependent portion)

  Total speedup:             2.2259x (55.07% faster)

[PyMatching Timing] Per-Batch Variability (µs/round):
  Pre-decoder:  min=0.972, max=1.142, std=0.033, range=0.170
[DEM Timing] build=0.04s decode=9.74s (basis=Z, batches=128)

[Inference] d=11, n_rounds=11, noise_model=25p
[Inference] Using explicit noise_model (25p): NoiseModel(prep=[X:0.0020, Z:0.0020], meas=[X:0.0020, Z:0.0020], idle_cnot=[X:0.0010, Y:0.0010, Z:0.0010], idle_spam=[X:0.0020, Y:0.0020, Z:0.0020], cnot_total=0.0030)
                                           No pre-decoder  After pre-decoder
  PyMatching latency - X basis (µs/round):          3.120              1.599
  PyMatching latency - Z basis (µs/round):          3.130              1.604
  PyMatching latency - Avg (µs/round):              3.125              1.601
  LER - X basis:                                 0.000504           0.000530
  LER - Z basis:                                 0.000607           0.000614
  LER - Avg:                                     0.000555           0.000572
  PyMatching speedup (Avg X/Z):                     1.952x
