Loading model for task: inference
Loading model from: /home/chengyu/Ising-Decoding/models/Ising-Decoder-SurfaceCode-1-Fast.pt
Model loaded (912,772 parameters)
[Inference] Starting Stim evaluation (may take a bit). Shots per basis: 262,144 (sharded across 1 GPU(s)); latency timing subset: 10,000 single-shot decodes.
[LER Config] ONNX_WORKFLOW=export+TRT | torch.compile=skipped(ONNX) | channels_last_3d=on | prefetcher=on | timing=on
[LER] ONNX export failed: Module onnx is not installed!; falling back to PyTorch.

[Phase Timing] Breakdown across 128 batches:
  Data generation:       1.159s
  Model forward:         0.159s
  Residual construction: 0.000s
  GPU→CPU transfer:      7.462s
  PyMatching baseline:   3.377s
  PyMatching predecoder: 1.302s
  Post-decode logic:     0.027s

[PyMatching Timing] Decoder Input Info:
  Detector array shape: (2048, 720) (batch_size, num_detectors)
  Total samples decoded: 262144
  Number of batches: 128 (across 1 GPU(s))

[PyMatching Timing] Syndrome Density:
  Baseline (no pre-decoder): 0.012161 (1.2161% non-zero)
  After pre-decoder:         0.001350 (0.1350% non-zero)
  Density reduction:         88.90%

[PyMatching Timing] Decode Time (ONLY matcher.decode_batch, excludes GPU→CPU transfer):
  n_rounds per sample: 9
  Total rounds decoded: 2,359,296
  Floor (zero density):      0.000 µs/round (fixed overhead)
  Baseline (no pre-decoder): 3377.42 ms total, 1.432 µs/round
  After pre-decoder:         1301.72 ms total, 0.552 µs/round

[PyMatching Timing] Breakdown (time above floor = density-dependent MWPM work):
  Baseline above floor:      1.432 µs/round
  Pre-decoder above floor:   0.552 µs/round
  MWPM-only speedup:         2.59x (density-dependent portion)

  Total speedup:             2.5946x (61.46% faster)

[PyMatching Timing] Per-Batch Variability (µs/round):
  Pre-decoder:  min=0.482, max=0.596, std=0.020, range=0.114
[DEM Timing] build=0.03s decode=4.68s (basis=X, batches=128)
[LER Config] ONNX_WORKFLOW=export+TRT | torch.compile=skipped(ONNX) | channels_last_3d=on | prefetcher=on | timing=on
[LER] ONNX export failed: Module onnx is not installed!; falling back to PyTorch.

[Phase Timing] Breakdown across 128 batches:
  Data generation:       1.144s
  Model forward:         0.151s
  Residual construction: 0.000s
  GPU→CPU transfer:      7.463s
  PyMatching baseline:   3.424s
  PyMatching predecoder: 1.302s
  Post-decode logic:     0.024s

[PyMatching Timing] Decoder Input Info:
  Detector array shape: (2048, 720) (batch_size, num_detectors)
  Total samples decoded: 262144
  Number of batches: 128 (across 1 GPU(s))

[PyMatching Timing] Syndrome Density:
  Baseline (no pre-decoder): 0.010514 (1.0514% non-zero)
  After pre-decoder:         0.001373 (0.1373% non-zero)
  Density reduction:         86.94%

[PyMatching Timing] Decode Time (ONLY matcher.decode_batch, excludes GPU→CPU transfer):
  n_rounds per sample: 9
  Total rounds decoded: 2,359,296
  Floor (zero density):      0.000 µs/round (fixed overhead)
  Baseline (no pre-decoder): 3423.71 ms total, 1.451 µs/round
  After pre-decoder:         1302.25 ms total, 0.552 µs/round

[PyMatching Timing] Breakdown (time above floor = density-dependent MWPM work):
  Baseline above floor:      1.451 µs/round
  Pre-decoder above floor:   0.552 µs/round
  MWPM-only speedup:         2.63x (density-dependent portion)

  Total speedup:             2.6291x (61.96% faster)

[PyMatching Timing] Per-Batch Variability (µs/round):
  Pre-decoder:  min=0.501, max=0.607, std=0.022, range=0.106
[DEM Timing] build=0.03s decode=4.73s (basis=Z, batches=128)

[Inference] d=9, n_rounds=9, noise_model=25p
[Inference] Using explicit noise_model (25p): NoiseModel(prep=[X:0.0020, Z:0.0020], meas=[X:0.0020, Z:0.0020], idle_cnot=[X:0.0010, Y:0.0010, Z:0.0010], idle_spam=[X:0.0020, Y:0.0020, Z:0.0020], cnot_total=0.0030)
                                           No pre-decoder  After pre-decoder
  PyMatching latency - X basis (µs/round):          2.112              1.034
  PyMatching latency - Z basis (µs/round):          2.147              1.063
  PyMatching latency - Avg (µs/round):              2.129              1.048
  LER - X basis:                                 0.001232           0.001320
  LER - Z basis:                                 0.001328           0.001186
  LER - Avg:                                     0.001280           0.001253
  PyMatching speedup (Avg X/Z):                     2.031x
