Loading model for task: inference
Loading model from: /home/chengyu/Ising-Decoding/models/Ising-Decoder-SurfaceCode-1-Fast.pt
Model loaded (912,772 parameters)
[Inference] Starting Stim evaluation (may take a bit). Shots per basis: 262,144 (sharded across 1 GPU(s)); latency timing subset: 10,000 single-shot decodes.
[LER Config] ONNX_WORKFLOW=export+TRT | torch.compile=skipped(ONNX) | channels_last_3d=on | prefetcher=on | timing=on
[LER] ONNX export failed: Module onnx is not installed!; falling back to PyTorch.

[Phase Timing] Breakdown across 128 batches:
  Data generation:       0.526s
  Model forward:         0.156s
  Residual construction: 0.000s
  GPU→CPU transfer:      1.237s
  PyMatching baseline:   0.411s
  PyMatching predecoder: 0.072s
  Post-decode logic:     0.023s

[PyMatching Timing] Decoder Input Info:
  Detector array shape: (2048, 120) (batch_size, num_detectors)
  Total samples decoded: 262144
  Number of batches: 128 (across 1 GPU(s))

[PyMatching Timing] Syndrome Density:
  Baseline (no pre-decoder): 0.010849 (1.0849% non-zero)
  After pre-decoder:         0.001668 (0.1668% non-zero)
  Density reduction:         84.63%

[PyMatching Timing] Decode Time (ONLY matcher.decode_batch, excludes GPU→CPU transfer):
  n_rounds per sample: 5
  Total rounds decoded: 1,310,720
  Floor (zero density):      0.000 µs/round (fixed overhead)
  Baseline (no pre-decoder): 411.27 ms total, 0.314 µs/round
  After pre-decoder:         72.45 ms total, 0.055 µs/round

[PyMatching Timing] Breakdown (time above floor = density-dependent MWPM work):
  Baseline above floor:      0.314 µs/round
  Pre-decoder above floor:   0.055 µs/round
  MWPM-only speedup:         5.68x (density-dependent portion)

  Total speedup:             5.6763x (82.38% faster)

[PyMatching Timing] Per-Batch Variability (µs/round):
  Pre-decoder:  min=0.049, max=0.065, std=0.003, range=0.016
[DEM Timing] build=0.01s decode=0.48s (basis=X, batches=128)
[LER Config] ONNX_WORKFLOW=export+TRT | torch.compile=skipped(ONNX) | channels_last_3d=on | prefetcher=on | timing=on
[LER] ONNX export failed: Module onnx is not installed!; falling back to PyTorch.
/home/chengyu/miniconda3/envs/cudaq-env/lib/python3.11/multiprocessing/resource_tracker.py:254: UserWarning: resource_tracker: There appear to be 20 leaked semaphore objects to clean up at shutdown
  warnings.warn('resource_tracker: There appear to be %d '
